  camera.cpp
  collision.cpp
  enemy.cpp
  GameStateManager.cpp
  Hook.cpp
  Input.cpp
C:\Users\james\Documents\GitHub\GAM-150-HOOK\Hookshot\Code\Input.cpp(98,15): error C2039: 'type': is not a member of 'Button'
C:\Users\james\Documents\GitHub\GAM-150-HOOK\Hookshot\Code\ObjectManager.h(123): message : see declaration of 'Button'
C:\Users\james\Documents\GitHub\GAM-150-HOOK\Hookshot\Code\Input.cpp(98,23): error C2065: 'TITLE': undeclared identifier
  Level1.cpp
  LoadMap.cpp
  menu.cpp
C:\Users\james\Documents\GitHub\GAM-150-HOOK\Hookshot\Code\menu.cpp(18,16): error C2065: 'TITLE': undeclared identifier
  newrendersystem.cpp
C:\Users\james\Documents\GitHub\GAM-150-HOOK\Hookshot\Code\newrendersystem.cpp(36,1): error C2011: 'Render': 'struct' type redefinition
C:\Users\james\Documents\GitHub\GAM-150-HOOK\Hookshot\Code\newrendersystem.h(7): message : see declaration of 'Render'
C:\Users\james\Documents\GitHub\GAM-150-HOOK\Hookshot\Code\newrendersystem.cpp(141,9): error C2079: 'render' uses undefined struct 'Render'
C:\Users\james\Documents\GitHub\GAM-150-HOOK\Hookshot\Code\newrendersystem.cpp(153,20): error C2664: 'void draw_render(Render &)': cannot convert argument 1 from 'int' to 'Render &'
C:\Users\james\Documents\GitHub\GAM-150-HOOK\Hookshot\Code\newrendersystem.cpp(48,6): message : see declaration of 'draw_render'
C:\Users\james\Documents\GitHub\GAM-150-HOOK\Hookshot\Code\newrendersystem.cpp(159,9): error C2079: 'render' uses undefined struct 'Render'
C:\Users\james\Documents\GitHub\GAM-150-HOOK\Hookshot\Code\newrendersystem.cpp(170,20): error C2664: 'void draw_render(Render &)': cannot convert argument 1 from 'int' to 'Render &'
C:\Users\james\Documents\GitHub\GAM-150-HOOK\Hookshot\Code\newrendersystem.cpp(48,6): message : see declaration of 'draw_render'
C:\Users\james\Documents\GitHub\GAM-150-HOOK\Hookshot\Code\newrendersystem.cpp(175,9): error C2079: 'render' uses undefined struct 'Render'
C:\Users\james\Documents\GitHub\GAM-150-HOOK\Hookshot\Code\newrendersystem.cpp(189,21): error C2664: 'void draw_render(Render &)': cannot convert argument 1 from 'int' to 'Render &'
C:\Users\james\Documents\GitHub\GAM-150-HOOK\Hookshot\Code\newrendersystem.cpp(48,6): message : see declaration of 'draw_render'
C:\Users\james\Documents\GitHub\GAM-150-HOOK\Hookshot\Code\newrendersystem.cpp(195,9): error C2079: 'render' uses undefined struct 'Render'
C:\Users\james\Documents\GitHub\GAM-150-HOOK\Hookshot\Code\newrendersystem.cpp(210,21): error C2664: 'void draw_render(Render &)': cannot convert argument 1 from 'int' to 'Render &'
C:\Users\james\Documents\GitHub\GAM-150-HOOK\Hookshot\Code\newrendersystem.cpp(48,6): message : see declaration of 'draw_render'
C:\Users\james\Documents\GitHub\GAM-150-HOOK\Hookshot\Code\newrendersystem.cpp(213,28): error C2062: type 'int' unexpected
C:\Users\james\Documents\GitHub\GAM-150-HOOK\Hookshot\Code\newrendersystem.cpp(219,9): error C2079: 'render' uses undefined struct 'Render'
C:\Users\james\Documents\GitHub\GAM-150-HOOK\Hookshot\Code\newrendersystem.cpp(227,20): error C2664: 'void draw_render(Render &)': cannot convert argument 1 from 'int' to 'Render &'
C:\Users\james\Documents\GitHub\GAM-150-HOOK\Hookshot\Code\newrendersystem.cpp(48,6): message : see declaration of 'draw_render'
C:\Users\james\Documents\GitHub\GAM-150-HOOK\Hookshot\Code\newrendersystem.cpp(234,10): error C2079: 'render' uses undefined struct 'Render'
C:\Users\james\Documents\GitHub\GAM-150-HOOK\Hookshot\Code\newrendersystem.cpp(242,21): error C2664: 'void draw_render(Render &)': cannot convert argument 1 from 'int' to 'Render &'
C:\Users\james\Documents\GitHub\GAM-150-HOOK\Hookshot\Code\newrendersystem.cpp(48,6): message : see declaration of 'draw_render'
C:\Users\james\Documents\GitHub\GAM-150-HOOK\Hookshot\Code\newrendersystem.cpp(248,9): error C2079: 'render' uses undefined struct 'Render'
C:\Users\james\Documents\GitHub\GAM-150-HOOK\Hookshot\Code\newrendersystem.cpp(258,21): error C2664: 'void draw_render(Render &)': cannot convert argument 1 from 'int' to 'Render &'
C:\Users\james\Documents\GitHub\GAM-150-HOOK\Hookshot\Code\newrendersystem.cpp(48,6): message : see declaration of 'draw_render'
C:\Users\james\Documents\GitHub\GAM-150-HOOK\Hookshot\Code\newrendersystem.cpp(268,29): error C2027: use of undefined type 'Render'
C:\Users\james\Documents\GitHub\GAM-150-HOOK\Hookshot\Code\newrendersystem.h(7): message : see declaration of 'Render'
C:\Users\james\Documents\GitHub\GAM-150-HOOK\Hookshot\Code\newrendersystem.cpp(268,45): error C2027: use of undefined type 'Render'
C:\Users\james\Documents\GitHub\GAM-150-HOOK\Hookshot\Code\newrendersystem.h(7): message : see declaration of 'Render'
C:\Users\james\Documents\GitHub\GAM-150-HOOK\Hookshot\Code\newrendersystem.cpp(268,53): error C2660: 'AEMtx33Scale': function does not take 1 arguments
C:\Users\james\Documents\GitHub\GAM-150-HOOK\Hookshot\Extern\AlphaEngine_V3.08\include\AEMtx33.h(355,15): message : see declaration of 'AEMtx33Scale'
C:\Users\james\Documents\GitHub\GAM-150-HOOK\Hookshot\Code\newrendersystem.cpp(271,25): error C2027: use of undefined type 'Render'
C:\Users\james\Documents\GitHub\GAM-150-HOOK\Hookshot\Code\newrendersystem.h(7): message : see declaration of 'Render'
C:\Users\james\Documents\GitHub\GAM-150-HOOK\Hookshot\Code\newrendersystem.cpp(271,29): error C2660: 'AEMtx33Rot': function does not take 1 arguments
C:\Users\james\Documents\GitHub\GAM-150-HOOK\Hookshot\Extern\AlphaEngine_V3.08\include\AEMtx33.h(403,15): message : see declaration of 'AEMtx33Rot'
C:\Users\james\Documents\GitHub\GAM-150-HOOK\Hookshot\Code\newrendersystem.cpp(274,29): error C2027: use of undefined type 'Render'
C:\Users\james\Documents\GitHub\GAM-150-HOOK\Hookshot\Code\newrendersystem.h(7): message : see declaration of 'Render'
C:\Users\james\Documents\GitHub\GAM-150-HOOK\Hookshot\Code\newrendersystem.cpp(274,43): error C2027: use of undefined type 'Render'
C:\Users\james\Documents\GitHub\GAM-150-HOOK\Hookshot\Code\newrendersystem.h(7): message : see declaration of 'Render'
C:\Users\james\Documents\GitHub\GAM-150-HOOK\Hookshot\Code\newrendersystem.cpp(274,49): error C2660: 'AEMtx33Trans': function does not take 1 arguments
C:\Users\james\Documents\GitHub\GAM-150-HOOK\Hookshot\Extern\AlphaEngine_V3.08\include\AEMtx33.h(304,15): message : see declaration of 'AEMtx33Trans'
C:\Users\james\Documents\GitHub\GAM-150-HOOK\Hookshot\Code\newrendersystem.cpp(277,23): error C2027: use of undefined type 'Render'
C:\Users\james\Documents\GitHub\GAM-150-HOOK\Hookshot\Code\newrendersystem.h(7): message : see declaration of 'Render'
C:\Users\james\Documents\GitHub\GAM-150-HOOK\Hookshot\Code\newrendersystem.cpp(278,23): error C2027: use of undefined type 'Render'
C:\Users\james\Documents\GitHub\GAM-150-HOOK\Hookshot\Code\newrendersystem.h(7): message : see declaration of 'Render'
C:\Users\james\Documents\GitHub\GAM-150-HOOK\Hookshot\Code\newrendersystem.cpp(278,50): error C2027: use of undefined type 'Render'
C:\Users\james\Documents\GitHub\GAM-150-HOOK\Hookshot\Code\newrendersystem.h(7): message : see declaration of 'Render'
C:\Users\james\Documents\GitHub\GAM-150-HOOK\Hookshot\Code\newrendersystem.cpp(278,60): error C2660: 'AEMtx33Concat': function does not take 2 arguments
C:\Users\james\Documents\GitHub\GAM-150-HOOK\Hookshot\Extern\AlphaEngine_V3.08\include\AEMtx33.h(143,15): message : see declaration of 'AEMtx33Concat'
C:\Users\james\Documents\GitHub\GAM-150-HOOK\Hookshot\Code\newrendersystem.cpp(285,24): error C2027: use of undefined type 'Render'
C:\Users\james\Documents\GitHub\GAM-150-HOOK\Hookshot\Code\newrendersystem.h(7): message : see declaration of 'Render'
C:\Users\james\Documents\GitHub\GAM-150-HOOK\Hookshot\Code\newrendersystem.cpp(287,26): error C2027: use of undefined type 'Render'
C:\Users\james\Documents\GitHub\GAM-150-HOOK\Hookshot\Code\newrendersystem.h(7): message : see declaration of 'Render'
C:\Users\james\Documents\GitHub\GAM-150-HOOK\Hookshot\Code\newrendersystem.cpp(289,22): error C2027: use of undefined type 'Render'
C:\Users\james\Documents\GitHub\GAM-150-HOOK\Hookshot\Code\newrendersystem.h(7): message : see declaration of 'Render'
  ObjectManager.cpp
C:\Users\james\Documents\GitHub\GAM-150-HOOK\Hookshot\Code\ObjectManager.cpp(89,9): error C2039: 'type': is not a member of 'Button'
C:\Users\james\Documents\GitHub\GAM-150-HOOK\Hookshot\Code\ObjectManager.h(123): message : see declaration of 'Button'
C:\Users\james\Documents\GitHub\GAM-150-HOOK\Hookshot\Code\ObjectManager.cpp(90,22): error C2679: binary '=': no operator found which takes a right-hand operand of type 'float' (or there is no acceptable conversion)
C:\Users\james\Documents\GitHub\GAM-150-HOOK\Hookshot\Extern\AlphaEngine_V3.08\include\AEVec2.h(29,1): message : could be 'AEVec2 &AEVec2::operator =(AEVec2 &&)'
C:\Users\james\Documents\GitHub\GAM-150-HOOK\Hookshot\Extern\AlphaEngine_V3.08\include\AEVec2.h(29,1): message : or       'AEVec2 &AEVec2::operator =(const AEVec2 &)'
C:\Users\james\Documents\GitHub\GAM-150-HOOK\Hookshot\Code\ObjectManager.cpp(90,22): message : while trying to match the argument list '(AEVec2, float)'
  pch.cpp
  physics.cpp
  levelUI.cpp
  main.cpp
  Generating Code...
