c:\users\egita\desktop\sit stuff\sem 2\csd 1450 - software development 2\gam-150-hook\hookshot\.tmp\debug-x64\vc142.pdb
c:\users\egita\desktop\sit stuff\sem 2\csd 1450 - software development 2\gam-150-hook\hookshot\.tmp\debug-x64\vc142.idb
c:\users\egita\desktop\sit stuff\sem 2\csd 1450 - software development 2\gam-150-hook\hookshot\.tmp\debug-x64\level1.obj
c:\users\egita\desktop\sit stuff\sem 2\csd 1450 - software development 2\gam-150-hook\hookshot\.tmp\debug-x64\camera.obj
c:\users\egita\desktop\sit stuff\sem 2\csd 1450 - software development 2\gam-150-hook\hookshot\.tmp\debug-x64\main.obj
c:\users\egita\desktop\sit stuff\sem 2\csd 1450 - software development 2\gam-150-hook\hookshot\.tmp\debug-x64\physics.obj
c:\users\egita\desktop\sit stuff\sem 2\csd 1450 - software development 2\gam-150-hook\hookshot\.tmp\debug-x64\pch.obj
c:\users\egita\desktop\sit stuff\sem 2\csd 1450 - software development 2\gam-150-hook\hookshot\.tmp\debug-x64\collision.obj
c:\users\egita\desktop\sit stuff\sem 2\csd 1450 - software development 2\gam-150-hook\hookshot\.tmp\debug-x64\objectmanager.obj
c:\users\egita\desktop\sit stuff\sem 2\csd 1450 - software development 2\gam-150-hook\hookshot\.tmp\debug-x64\gamestatemanager.obj
c:\users\egita\desktop\sit stuff\sem 2\csd 1450 - software development 2\gam-150-hook\hookshot\.tmp\debug-x64\hook.obj
c:\users\egita\desktop\sit stuff\sem 2\csd 1450 - software development 2\gam-150-hook\hookshot\bin\debug-x64\hookshot.exe
c:\users\egita\desktop\sit stuff\sem 2\csd 1450 - software development 2\gam-150-hook\hookshot\bin\debug-x64\hookshot.ilk
c:\users\egita\desktop\sit stuff\sem 2\csd 1450 - software development 2\gam-150-hook\hookshot\bin\debug-x64\hookshot.pdb
c:\users\egita\desktop\sit stuff\sem 2\csd 1450 - software development 2\gam-150-hook\hookshot\\bin\debug-x64\hookshot.pdb
c:\users\egita\desktop\sit stuff\sem 2\csd 1450 - software development 2\gam-150-hook\hookshot\.tmp\debug-x64\hookshot.tlog\cl.command.1.tlog
c:\users\egita\desktop\sit stuff\sem 2\csd 1450 - software development 2\gam-150-hook\hookshot\.tmp\debug-x64\hookshot.tlog\cl.read.1.tlog
c:\users\egita\desktop\sit stuff\sem 2\csd 1450 - software development 2\gam-150-hook\hookshot\.tmp\debug-x64\hookshot.tlog\cl.write.1.tlog
c:\users\egita\desktop\sit stuff\sem 2\csd 1450 - software development 2\gam-150-hook\hookshot\.tmp\debug-x64\hookshot.tlog\link-cvtres.read.1.tlog
c:\users\egita\desktop\sit stuff\sem 2\csd 1450 - software development 2\gam-150-hook\hookshot\.tmp\debug-x64\hookshot.tlog\link-cvtres.write.1.tlog
c:\users\egita\desktop\sit stuff\sem 2\csd 1450 - software development 2\gam-150-hook\hookshot\.tmp\debug-x64\hookshot.tlog\link-rc.read.1.tlog
c:\users\egita\desktop\sit stuff\sem 2\csd 1450 - software development 2\gam-150-hook\hookshot\.tmp\debug-x64\hookshot.tlog\link-rc.write.1.tlog
c:\users\egita\desktop\sit stuff\sem 2\csd 1450 - software development 2\gam-150-hook\hookshot\.tmp\debug-x64\hookshot.tlog\link.command.1.tlog
c:\users\egita\desktop\sit stuff\sem 2\csd 1450 - software development 2\gam-150-hook\hookshot\.tmp\debug-x64\hookshot.tlog\link.read.1.tlog
c:\users\egita\desktop\sit stuff\sem 2\csd 1450 - software development 2\gam-150-hook\hookshot\.tmp\debug-x64\hookshot.tlog\link.write.1.tlog
